{"/home/sol/Documents/api-gateway-service/app.js": {"path":"/home/sol/Documents/api-gateway-service/app.js","statementMap":{"0":{"start":{"line":1,"column":16},"end":{"line":1,"column":34}},"1":{"start":{"line":2,"column":15},"end":{"line":2,"column":34}},"2":{"start":{"line":3,"column":19},"end":{"line":3,"column":41}},"3":{"start":{"line":4,"column":13},"end":{"line":4,"column":28}},"4":{"start":{"line":6,"column":12},"end":{"line":6,"column":21}},"5":{"start":{"line":8,"column":0},"end":{"line":8,"column":16}},"6":{"start":{"line":9,"column":0},"end":{"line":9,"column":27}},"7":{"start":{"line":10,"column":0},"end":{"line":10,"column":49}},"8":{"start":{"line":11,"column":0},"end":{"line":11,"column":31}},"9":{"start":{"line":13,"column":0},"end":{"line":15,"column":3}},"10":{"start":{"line":14,"column":2},"end":{"line":14,"column":26}},"11":{"start":{"line":17,"column":0},"end":{"line":17,"column":23}}},"fnMap":{"0":{"name":"(anonymous_0)","decl":{"start":{"line":13,"column":13},"end":{"line":13,"column":14}},"loc":{"start":{"line":13,"column":38},"end":{"line":15,"column":1}},"line":13}},"branchMap":{},"s":{"0":1,"1":1,"2":1,"3":1,"4":1,"5":1,"6":1,"7":1,"8":1,"9":1,"10":0,"11":1},"f":{"0":0},"b":{},"_coverageSchema":"1a1c01bbd47fc00a2c39e90264f33305004495a9","hash":"368f11f1fd55e38891da55b89a964b1942678026"}
,"/home/sol/Documents/api-gateway-service/routes/index.js": {"path":"/home/sol/Documents/api-gateway-service/routes/index.js","statementMap":{"0":{"start":{"line":1,"column":16},"end":{"line":1,"column":34}},"1":{"start":{"line":2,"column":14},"end":{"line":2,"column":30}},"2":{"start":{"line":3,"column":17},"end":{"line":3,"column":43}},"3":{"start":{"line":4,"column":0},"end":{"line":4,"column":27}},"4":{"start":{"line":6,"column":23},"end":{"line":6,"column":39}},"5":{"start":{"line":8,"column":0},"end":{"line":8,"column":34}},"6":{"start":{"line":11,"column":14},"end":{"line":12,"column":49}},"7":{"start":{"line":14,"column":17},"end":{"line":18,"column":3}},"8":{"start":{"line":20,"column":2},"end":{"line":23,"column":3}},"9":{"start":{"line":22,"column":4},"end":{"line":22,"column":37}},"10":{"start":{"line":25,"column":2},"end":{"line":29,"column":3}},"11":{"start":{"line":26,"column":4},"end":{"line":27,"column":31}},"12":{"start":{"line":28,"column":4},"end":{"line":28,"column":18}},"13":{"start":{"line":30,"column":2},"end":{"line":30,"column":54}},"14":{"start":{"line":31,"column":2},"end":{"line":31,"column":16}},"15":{"start":{"line":35,"column":2},"end":{"line":42,"column":3}},"16":{"start":{"line":36,"column":21},"end":{"line":39,"column":5}},"17":{"start":{"line":40,"column":4},"end":{"line":40,"column":23}},"18":{"start":{"line":41,"column":4},"end":{"line":41,"column":11}},"19":{"start":{"line":44,"column":2},"end":{"line":57,"column":3}},"20":{"start":{"line":45,"column":19},"end":{"line":45,"column":38}},"21":{"start":{"line":46,"column":21},"end":{"line":46,"column":40}},"22":{"start":{"line":47,"column":4},"end":{"line":47,"column":28}},"23":{"start":{"line":48,"column":4},"end":{"line":48,"column":11}},"24":{"start":{"line":50,"column":4},"end":{"line":50,"column":23}},"25":{"start":{"line":51,"column":25},"end":{"line":52,"column":75}},"26":{"start":{"line":53,"column":27},"end":{"line":54,"column":53}},"27":{"start":{"line":56,"column":4},"end":{"line":56,"column":50}},"28":{"start":{"line":61,"column":2},"end":{"line":65,"column":3}},"29":{"start":{"line":62,"column":4},"end":{"line":62,"column":26}},"30":{"start":{"line":64,"column":4},"end":{"line":64,"column":32}},"31":{"start":{"line":69,"column":23},"end":{"line":69,"column":25}},"32":{"start":{"line":70,"column":2},"end":{"line":92,"column":3}},"33":{"start":{"line":71,"column":4},"end":{"line":91,"column":5}},"34":{"start":{"line":72,"column":6},"end":{"line":90,"column":7}},"35":{"start":{"line":73,"column":25},"end":{"line":76,"column":10}},"36":{"start":{"line":77,"column":8},"end":{"line":77,"column":46}},"37":{"start":{"line":79,"column":8},"end":{"line":79,"column":27}},"38":{"start":{"line":80,"column":29},"end":{"line":81,"column":79}},"39":{"start":{"line":82,"column":31},"end":{"line":83,"column":71}},"40":{"start":{"line":85,"column":25},"end":{"line":88,"column":9}},"41":{"start":{"line":89,"column":8},"end":{"line":89,"column":41}},"42":{"start":{"line":93,"column":2},"end":{"line":93,"column":25}},"43":{"start":{"line":96,"column":0},"end":{"line":96,"column":46}},"44":{"start":{"line":97,"column":0},"end":{"line":97,"column":49}}},"fnMap":{"0":{"name":"setAxiosConfig","decl":{"start":{"line":10,"column":9},"end":{"line":10,"column":23}},"loc":{"start":{"line":10,"column":33},"end":{"line":32,"column":1}},"line":10},"1":{"name":"redirectToService","decl":{"start":{"line":34,"column":15},"end":{"line":34,"column":32}},"loc":{"start":{"line":34,"column":43},"end":{"line":58,"column":1}},"line":34},"2":{"name":"processRequest","decl":{"start":{"line":60,"column":9},"end":{"line":60,"column":23}},"loc":{"start":{"line":60,"column":34},"end":{"line":66,"column":1}},"line":60},"3":{"name":"listServices","decl":{"start":{"line":68,"column":15},"end":{"line":68,"column":27}},"loc":{"start":{"line":68,"column":38},"end":{"line":94,"column":1}},"line":68}},"branchMap":{"0":{"loc":{"start":{"line":12,"column":17},"end":{"line":12,"column":48}},"type":"cond-expr","locations":[{"start":{"line":12,"column":31},"end":{"line":12,"column":43}},{"start":{"line":12,"column":46},"end":{"line":12,"column":48}}],"line":12},"1":{"loc":{"start":{"line":20,"column":2},"end":{"line":23,"column":3}},"type":"if","locations":[{"start":{"line":20,"column":2},"end":{"line":23,"column":3}},{"start":{},"end":{}}],"line":20},"2":{"loc":{"start":{"line":20,"column":6},"end":{"line":21,"column":58}},"type":"binary-expr","locations":[{"start":{"line":20,"column":6},"end":{"line":20,"column":32}},{"start":{"line":21,"column":6},"end":{"line":21,"column":58}}],"line":20},"3":{"loc":{"start":{"line":25,"column":2},"end":{"line":29,"column":3}},"type":"if","locations":[{"start":{"line":25,"column":2},"end":{"line":29,"column":3}},{"start":{},"end":{}}],"line":25},"4":{"loc":{"start":{"line":35,"column":2},"end":{"line":42,"column":3}},"type":"if","locations":[{"start":{"line":35,"column":2},"end":{"line":42,"column":3}},{"start":{},"end":{}}],"line":35},"5":{"loc":{"start":{"line":51,"column":25},"end":{"line":52,"column":75}},"type":"cond-expr","locations":[{"start":{"line":52,"column":24},"end":{"line":52,"column":47}},{"start":{"line":52,"column":50},"end":{"line":52,"column":75}}],"line":51},"6":{"loc":{"start":{"line":53,"column":27},"end":{"line":54,"column":53}},"type":"cond-expr","locations":[{"start":{"line":54,"column":26},"end":{"line":54,"column":29}},{"start":{"line":54,"column":32},"end":{"line":54,"column":53}}],"line":53},"7":{"loc":{"start":{"line":61,"column":2},"end":{"line":65,"column":3}},"type":"if","locations":[{"start":{"line":61,"column":2},"end":{"line":65,"column":3}},{"start":{"line":63,"column":9},"end":{"line":65,"column":3}}],"line":61},"8":{"loc":{"start":{"line":71,"column":4},"end":{"line":91,"column":5}},"type":"if","locations":[{"start":{"line":71,"column":4},"end":{"line":91,"column":5}},{"start":{},"end":{}}],"line":71},"9":{"loc":{"start":{"line":80,"column":29},"end":{"line":81,"column":79}},"type":"cond-expr","locations":[{"start":{"line":81,"column":34},"end":{"line":81,"column":57}},{"start":{"line":81,"column":60},"end":{"line":81,"column":79}}],"line":80},"10":{"loc":{"start":{"line":82,"column":31},"end":{"line":83,"column":71}},"type":"cond-expr","locations":[{"start":{"line":83,"column":36},"end":{"line":83,"column":39}},{"start":{"line":83,"column":42},"end":{"line":83,"column":71}}],"line":82}},"s":{"0":1,"1":1,"2":1,"3":1,"4":1,"5":1,"6":7,"7":7,"8":7,"9":0,"10":7,"11":5,"12":5,"13":2,"14":2,"15":7,"16":0,"17":0,"18":0,"19":7,"20":7,"21":7,"22":6,"23":6,"24":1,"25":1,"26":1,"27":1,"28":7,"29":0,"30":7,"31":0,"32":0,"33":0,"34":0,"35":0,"36":0,"37":0,"38":0,"39":0,"40":0,"41":0,"42":0,"43":1,"44":1},"f":{"0":7,"1":7,"2":7,"3":0},"b":{"0":[7,0],"1":[0,7],"2":[7,7],"3":[5,2],"4":[0,7],"5":[0,1],"6":[0,1],"7":[0,7],"8":[0,0],"9":[0,0],"10":[0,0]},"_coverageSchema":"1a1c01bbd47fc00a2c39e90264f33305004495a9","hash":"7264852146863ef2a9626b0a30711986dfe0660b"}
}
