{"/home/sol/Documents/api-gateway-service/app.js": {"path":"/home/sol/Documents/api-gateway-service/app.js","statementMap":{"0":{"start":{"line":1,"column":16},"end":{"line":1,"column":34}},"1":{"start":{"line":2,"column":15},"end":{"line":2,"column":34}},"2":{"start":{"line":3,"column":19},"end":{"line":3,"column":41}},"3":{"start":{"line":4,"column":13},"end":{"line":4,"column":28}},"4":{"start":{"line":6,"column":12},"end":{"line":6,"column":21}},"5":{"start":{"line":8,"column":0},"end":{"line":8,"column":16}},"6":{"start":{"line":9,"column":0},"end":{"line":9,"column":27}},"7":{"start":{"line":10,"column":0},"end":{"line":10,"column":31}},"8":{"start":{"line":12,"column":0},"end":{"line":14,"column":3}},"9":{"start":{"line":13,"column":2},"end":{"line":13,"column":26}},"10":{"start":{"line":16,"column":0},"end":{"line":16,"column":23}}},"fnMap":{"0":{"name":"(anonymous_0)","decl":{"start":{"line":12,"column":13},"end":{"line":12,"column":14}},"loc":{"start":{"line":12,"column":38},"end":{"line":14,"column":1}},"line":12}},"branchMap":{},"s":{"0":1,"1":1,"2":1,"3":1,"4":1,"5":1,"6":1,"7":1,"8":1,"9":0,"10":1},"f":{"0":0},"b":{},"_coverageSchema":"1a1c01bbd47fc00a2c39e90264f33305004495a9","hash":"65f024a95e8f2a87cedd694838255c2d43ca523e"}
,"/home/sol/Documents/api-gateway-service/routes/index.js": {"path":"/home/sol/Documents/api-gateway-service/routes/index.js","statementMap":{"0":{"start":{"line":1,"column":16},"end":{"line":1,"column":34}},"1":{"start":{"line":2,"column":14},"end":{"line":2,"column":30}},"2":{"start":{"line":3,"column":17},"end":{"line":3,"column":43}},"3":{"start":{"line":4,"column":12},"end":{"line":4,"column":35}},"4":{"start":{"line":5,"column":20},"end":{"line":5,"column":42}},"5":{"start":{"line":6,"column":0},"end":{"line":6,"column":27}},"6":{"start":{"line":8,"column":23},"end":{"line":8,"column":39}},"7":{"start":{"line":10,"column":0},"end":{"line":10,"column":34}},"8":{"start":{"line":13,"column":2},"end":{"line":15,"column":3}},"9":{"start":{"line":14,"column":4},"end":{"line":14,"column":18}},"10":{"start":{"line":17,"column":21},"end":{"line":17,"column":49}},"11":{"start":{"line":18,"column":16},"end":{"line":18,"column":54}},"12":{"start":{"line":20,"column":2},"end":{"line":20,"column":48}},"13":{"start":{"line":20,"column":21},"end":{"line":20,"column":48}},"14":{"start":{"line":22,"column":2},"end":{"line":27,"column":3}},"15":{"start":{"line":23,"column":4},"end":{"line":23,"column":73}},"16":{"start":{"line":24,"column":4},"end":{"line":24,"column":18}},"17":{"start":{"line":26,"column":4},"end":{"line":26,"column":48}},"18":{"start":{"line":31,"column":2},"end":{"line":33,"column":3}},"19":{"start":{"line":32,"column":4},"end":{"line":32,"column":14}},"20":{"start":{"line":34,"column":12},"end":{"line":34,"column":15}},"21":{"start":{"line":35,"column":2},"end":{"line":37,"column":3}},"22":{"start":{"line":36,"column":4},"end":{"line":36,"column":44}},"23":{"start":{"line":38,"column":2},"end":{"line":38,"column":13}},"24":{"start":{"line":42,"column":12},"end":{"line":42,"column":81}},"25":{"start":{"line":43,"column":2},"end":{"line":43,"column":51}},"26":{"start":{"line":45,"column":2},"end":{"line":62,"column":3}},"27":{"start":{"line":46,"column":18},"end":{"line":46,"column":60}},"28":{"start":{"line":47,"column":21},"end":{"line":52,"column":6}},"29":{"start":{"line":54,"column":4},"end":{"line":54,"column":28}},"30":{"start":{"line":56,"column":4},"end":{"line":56,"column":22}},"31":{"start":{"line":57,"column":21},"end":{"line":60,"column":5}},"32":{"start":{"line":61,"column":4},"end":{"line":61,"column":23}},"33":{"start":{"line":66,"column":2},"end":{"line":70,"column":3}},"34":{"start":{"line":67,"column":4},"end":{"line":67,"column":26}},"35":{"start":{"line":69,"column":4},"end":{"line":69,"column":32}},"36":{"start":{"line":73,"column":0},"end":{"line":73,"column":72}}},"fnMap":{"0":{"name":"authenticateToken","decl":{"start":{"line":12,"column":15},"end":{"line":12,"column":32}},"loc":{"start":{"line":12,"column":49},"end":{"line":28,"column":1}},"line":12},"1":{"name":"concatenateQueryParameters","decl":{"start":{"line":30,"column":9},"end":{"line":30,"column":35}},"loc":{"start":{"line":30,"column":48},"end":{"line":39,"column":1}},"line":30},"2":{"name":"redirectToService","decl":{"start":{"line":41,"column":15},"end":{"line":41,"column":32}},"loc":{"start":{"line":41,"column":43},"end":{"line":63,"column":1}},"line":41},"3":{"name":"processRequest","decl":{"start":{"line":65,"column":9},"end":{"line":65,"column":23}},"loc":{"start":{"line":65,"column":34},"end":{"line":71,"column":1}},"line":65}},"branchMap":{"0":{"loc":{"start":{"line":13,"column":2},"end":{"line":15,"column":3}},"type":"if","locations":[{"start":{"line":13,"column":2},"end":{"line":15,"column":3}},{"start":{},"end":{}}],"line":13},"1":{"loc":{"start":{"line":18,"column":16},"end":{"line":18,"column":54}},"type":"binary-expr","locations":[{"start":{"line":18,"column":16},"end":{"line":18,"column":26}},{"start":{"line":18,"column":30},"end":{"line":18,"column":54}}],"line":18},"2":{"loc":{"start":{"line":20,"column":2},"end":{"line":20,"column":48}},"type":"if","locations":[{"start":{"line":20,"column":2},"end":{"line":20,"column":48}},{"start":{},"end":{}}],"line":20},"3":{"loc":{"start":{"line":31,"column":2},"end":{"line":33,"column":3}},"type":"if","locations":[{"start":{"line":31,"column":2},"end":{"line":33,"column":3}},{"start":{},"end":{}}],"line":31},"4":{"loc":{"start":{"line":42,"column":57},"end":{"line":42,"column":80}},"type":"cond-expr","locations":[{"start":{"line":42,"column":67},"end":{"line":42,"column":75}},{"start":{"line":42,"column":78},"end":{"line":42,"column":80}}],"line":42},"5":{"loc":{"start":{"line":46,"column":18},"end":{"line":46,"column":60}},"type":"cond-expr","locations":[{"start":{"line":46,"column":44},"end":{"line":46,"column":55}},{"start":{"line":46,"column":58},"end":{"line":46,"column":60}}],"line":46},"6":{"loc":{"start":{"line":66,"column":2},"end":{"line":70,"column":3}},"type":"if","locations":[{"start":{"line":66,"column":2},"end":{"line":70,"column":3}},{"start":{"line":68,"column":9},"end":{"line":70,"column":3}}],"line":66}},"s":{"0":1,"1":1,"2":1,"3":1,"4":1,"5":1,"6":1,"7":1,"8":0,"9":0,"10":0,"11":0,"12":0,"13":0,"14":0,"15":0,"16":0,"17":0,"18":6,"19":6,"20":0,"21":0,"22":0,"23":0,"24":6,"25":6,"26":6,"27":6,"28":6,"29":6,"30":0,"31":0,"32":0,"33":6,"34":0,"35":6,"36":1},"f":{"0":0,"1":6,"2":6,"3":6},"b":{"0":[0,0],"1":[0,0],"2":[0,0],"3":[6,0],"4":[6,0],"5":[0,6],"6":[0,6]},"_coverageSchema":"1a1c01bbd47fc00a2c39e90264f33305004495a9","hash":"0bfa6dd7be5c74ae537c304e1ef5e5a7fe3a16f0"}
}
