TN:
SF:app.js
FN:12,(anonymous_0)
FNF:1
FNH:0
FNDA:0,(anonymous_0)
DA:1,1
DA:2,1
DA:3,1
DA:4,1
DA:6,1
DA:8,1
DA:9,1
DA:10,1
DA:12,1
DA:13,0
DA:16,1
LF:11
LH:10
BRF:0
BRH:0
end_of_record
TN:
SF:routes/index.js
FN:12,authenticateToken
FN:30,redirectToService
FN:51,processRequest
FNF:3
FNH:2
FNDA:0,authenticateToken
FNDA:6,redirectToService
FNDA:6,processRequest
DA:1,1
DA:2,1
DA:3,1
DA:4,1
DA:5,1
DA:6,1
DA:8,1
DA:10,1
DA:13,0
DA:14,0
DA:17,0
DA:18,0
DA:20,0
DA:22,0
DA:23,0
DA:24,0
DA:26,0
DA:31,6
DA:33,6
DA:34,6
DA:35,6
DA:40,6
DA:42,0
DA:43,0
DA:47,0
DA:52,6
DA:53,0
DA:55,6
DA:59,1
LF:29
LH:16
BRDA:13,0,0,0
BRDA:13,0,1,0
BRDA:18,1,0,0
BRDA:18,1,1,0
BRDA:20,2,0,0
BRDA:20,2,1,0
BRDA:32,3,0,3
BRDA:32,3,1,3
BRDA:52,4,0,0
BRDA:52,4,1,6
BRF:10
BRH:3
end_of_record
