TN:
SF:app.js
FN:14,(anonymous_0)
FNF:1
FNH:0
FNDA:0,(anonymous_0)
DA:1,1
DA:2,1
DA:3,1
DA:4,1
DA:6,1
DA:8,1
DA:9,1
DA:10,1
DA:12,1
DA:14,1
DA:15,0
DA:18,1
LF:12
LH:11
BRF:0
BRH:0
end_of_record
TN:
SF:routes/index.js
FN:12,authenticateToken
FN:30,concatenateQueryParameters
FN:41,setAxiosConfig
FN:60,redirectToService
FN:90,processRequest
FNF:5
FNH:4
FNDA:0,authenticateToken
FNDA:6,concatenateQueryParameters
FNDA:6,setAxiosConfig
FNDA:6,redirectToService
FNDA:6,processRequest
DA:1,1
DA:2,1
DA:3,1
DA:4,1
DA:5,1
DA:6,1
DA:8,1
DA:10,1
DA:13,0
DA:14,0
DA:17,0
DA:18,0
DA:20,0
DA:22,0
DA:23,0
DA:24,0
DA:26,0
DA:31,6
DA:32,6
DA:34,0
DA:35,0
DA:36,0
DA:38,0
DA:42,6
DA:43,6
DA:45,6
DA:51,6
DA:52,5
DA:53,5
DA:54,5
DA:56,1
DA:57,1
DA:61,6
DA:62,0
DA:66,0
DA:67,0
DA:70,6
DA:71,6
DA:72,6
DA:73,6
DA:74,6
DA:75,6
DA:77,0
DA:78,0
DA:79,0
DA:81,0
DA:85,0
DA:91,6
DA:92,0
DA:94,6
DA:98,1
LF:51
LH:29
BRDA:13,0,0,0
BRDA:13,0,1,0
BRDA:18,1,0,0
BRDA:18,1,1,0
BRDA:20,2,0,0
BRDA:20,2,1,0
BRDA:31,3,0,6
BRDA:31,3,1,0
BRDA:42,4,0,6
BRDA:42,4,1,0
BRDA:51,5,0,5
BRDA:51,5,1,1
BRDA:61,6,0,0
BRDA:61,6,1,6
BRDA:78,7,0,0
BRDA:78,7,1,0
BRDA:79,8,0,0
BRDA:79,8,1,0
BRDA:91,9,0,0
BRDA:91,9,1,6
BRF:20
BRH:6
end_of_record
